[33mStarting up http-server, serving [39m[36m.[39m[33m
Available on:[39m
[32m  http:127.0.0.1:8080[39m
[32m  http:45.55.156.140:8080[39m
Hit CTRL-C to stop the server
[Fri, 06 Nov 2015 05:24:50 GMT] "[36mGET[39m [36m/micropresence.html[39m" "Mozilla/5.0 (Macintosh; Intel Mac OS X 10_10_5) AppleWebKit/537.36 (KHTML, like Gecko) Chrome/46.0.2490.80 Safari/537.36"
[Fri, 06 Nov 2015 05:24:50 GMT] "[36mGET[39m [36m/js/jquery.validate.min.js[39m" "Mozilla/5.0 (Macintosh; Intel Mac OS X 10_10_5) AppleWebKit/537.36 (KHTML, like Gecko) Chrome/46.0.2490.80 Safari/537.36"
[Fri, 06 Nov 2015 05:24:50 GMT] "[36mGET[39m [36m/js/jquery.appear.js[39m" "Mozilla/5.0 (Macintosh; Intel Mac OS X 10_10_5) AppleWebKit/537.36 (KHTML, like Gecko) Chrome/46.0.2490.80 Safari/537.36"
[Fri, 06 Nov 2015 05:24:50 GMT] "[36mGET[39m [36m/minakhan-chi2015.pdf[39m" "Mozilla/5.0 (Macintosh; Intel Mac OS X 10_10_5) AppleWebKit/537.36 (KHTML, like Gecko) Chrome/46.0.2490.80 Safari/537.36"
[Fri, 06 Nov 2015 05:24:51 GMT] "[36mGET[39m [36m/minakhan-chi2015.pdf[39m" "Mozilla/5.0 (Macintosh; Intel Mac OS X 10_10_5) AppleWebKit/537.36 (KHTML, like Gecko) Chrome/46.0.2490.80 Safari/537.36"
[Fri, 06 Nov 2015 05:31:19 GMT] "[36mGET[39m [36m/[39m" "Mozilla/5.0 (Macintosh; Intel Mac OS X 10_9_5) AppleWebKit/537.36 (KHTML, like Gecko) Chrome/46.0.2490.71 Safari/537.36"
[Fri, 06 Nov 2015 05:31:20 GMT] "[36mGET[39m [36m/css/bootstrap.css[39m" "Mozilla/5.0 (Macintosh; Intel Mac OS X 10_9_5) AppleWebKit/537.36 (KHTML, like Gecko) Chrome/46.0.2490.71 Safari/537.36"
[Fri, 06 Nov 2015 05:31:20 GMT] "[36mGET[39m [36m/style.css[39m" "Mozilla/5.0 (Macintosh; Intel Mac OS X 10_9_5) AppleWebKit/537.36 (KHTML, like Gecko) Chrome/46.0.2490.71 Safari/537.36"
[Fri, 06 Nov 2015 05:31:21 GMT] "[36mGET[39m [36m/css/magnific-popup.css[39m" "Mozilla/5.0 (Macintosh; Intel Mac OS X 10_9_5) AppleWebKit/537.36 (KHTML, like Gecko) Chrome/46.0.2490.71 Safari/537.36"
[Fri, 06 Nov 2015 05:31:22 GMT] "[36mGET[39m [36m/css/font-icons.css[39m" "Mozilla/5.0 (Macintosh; Intel Mac OS X 10_9_5) AppleWebKit/537.36 (KHTML, like Gecko) Chrome/46.0.2490.71 Safari/537.36"
[Fri, 06 Nov 2015 05:31:22 GMT] "[36mGET[39m [36m/css/dark.css[39m" "Mozilla/5.0 (Macintosh; Intel Mac OS X 10_9_5) AppleWebKit/537.36 (KHTML, like Gecko) Chrome/46.0.2490.71 Safari/537.36"
[Fri, 06 Nov 2015 05:31:22 GMT] "[36mGET[39m [36m/css/animate.css[39m" "Mozilla/5.0 (Macintosh; Intel Mac OS X 10_9_5) AppleWebKit/537.36 (KHTML, like Gecko) Chrome/46.0.2490.71 Safari/537.36"
[Fri, 06 Nov 2015 05:31:23 GMT] "[36mGET[39m [36m/css/bootstrap.min.css[39m" "Mozilla/5.0 (Macintosh; Intel Mac OS X 10_9_5) AppleWebKit/537.36 (KHTML, like Gecko) Chrome/46.0.2490.71 Safari/537.36"
[Fri, 06 Nov 2015 05:31:24 GMT] "[36mGET[39m [36m/css/plugins.css[39m" "Mozilla/5.0 (Macintosh; Intel Mac OS X 10_9_5) AppleWebKit/537.36 (KHTML, like Gecko) Chrome/46.0.2490.71 Safari/537.36"
[Fri, 06 Nov 2015 05:31:25 GMT] "[36mGET[39m [36m/css/style.css[39m" "Mozilla/5.0 (Macintosh; Intel Mac OS X 10_9_5) AppleWebKit/537.36 (KHTML, like Gecko) Chrome/46.0.2490.71 Safari/537.36"
[Fri, 06 Nov 2015 05:31:25 GMT] "[36mGET[39m [36m/css/font-awesome.min.css[39m" "Mozilla/5.0 (Macintosh; Intel Mac OS X 10_9_5) AppleWebKit/537.36 (KHTML, like Gecko) Chrome/46.0.2490.71 Safari/537.36"
[Fri, 06 Nov 2015 05:31:26 GMT] "[36mGET[39m [36m/css/cubeportfolio.css[39m" "Mozilla/5.0 (Macintosh; Intel Mac OS X 10_9_5) AppleWebKit/537.36 (KHTML, like Gecko) Chrome/46.0.2490.71 Safari/537.36"
[Fri, 06 Nov 2015 05:31:26 GMT] "[36mGET[39m [36m/css/retina.css[39m" "Mozilla/5.0 (Macintosh; Intel Mac OS X 10_9_5) AppleWebKit/537.36 (KHTML, like Gecko) Chrome/46.0.2490.71 Safari/537.36"
[Fri, 06 Nov 2015 05:31:26 GMT] "[36mGET[39m [36m/css/style-responsive.css[39m" "Mozilla/5.0 (Macintosh; Intel Mac OS X 10_9_5) AppleWebKit/537.36 (KHTML, like Gecko) Chrome/46.0.2490.71 Safari/537.36"
[Fri, 06 Nov 2015 05:31:27 GMT] "[36mGET[39m [36m/js/jquery.min.js[39m" "Mozilla/5.0 (Macintosh; Intel Mac OS X 10_9_5) AppleWebKit/537.36 (KHTML, like Gecko) Chrome/46.0.2490.71 Safari/537.36"
[Fri, 06 Nov 2015 05:31:27 GMT] "[36mGET[39m [36m/css/responsive.css[39m" "Mozilla/5.0 (Macintosh; Intel Mac OS X 10_9_5) AppleWebKit/537.36 (KHTML, like Gecko) Chrome/46.0.2490.71 Safari/537.36"
[Fri, 06 Nov 2015 05:31:27 GMT] "[36mGET[39m [36m/rs-plugin/css/settings.css[39m" "Mozilla/5.0 (Macintosh; Intel Mac OS X 10_9_5) AppleWebKit/537.36 (KHTML, like Gecko) Chrome/46.0.2490.71 Safari/537.36"
[Fri, 06 Nov 2015 05:31:27 GMT] "[36mGET[39m [36m/js/jquery.js[39m" "Mozilla/5.0 (Macintosh; Intel Mac OS X 10_9_5) AppleWebKit/537.36 (KHTML, like Gecko) Chrome/46.0.2490.71 Safari/537.36"
[Fri, 06 Nov 2015 05:31:27 GMT] "[36mGET[39m [36m/js/plugins.js[39m" "Mozilla/5.0 (Macintosh; Intel Mac OS X 10_9_5) AppleWebKit/537.36 (KHTML, like Gecko) Chrome/46.0.2490.71 Safari/537.36"
[Fri, 06 Nov 2015 05:31:29 GMT] "[36mGET[39m [36m/js/jquery.isotope.min.js[39m" "Mozilla/5.0 (Macintosh; Intel Mac OS X 10_9_5) AppleWebKit/537.36 (KHTML, like Gecko) Chrome/46.0.2490.71 Safari/537.36"
[Fri, 06 Nov 2015 05:31:29 GMT] "[36mGET[39m [36m/js/gmap-settings.js[39m" "Mozilla/5.0 (Macintosh; Intel Mac OS X 10_9_5) AppleWebKit/537.36 (KHTML, like Gecko) Chrome/46.0.2490.71 Safari/537.36"
[Fri, 06 Nov 2015 05:31:29 GMT] "[36mGET[39m [36m/js/skill-settings.js[39m" "Mozilla/5.0 (Macintosh; Intel Mac OS X 10_9_5) AppleWebKit/537.36 (KHTML, like Gecko) Chrome/46.0.2490.71 Safari/537.36"
[Fri, 06 Nov 2015 05:31:30 GMT] "[36mGET[39m [36m/js/bootstrap.min.js[39m" "Mozilla/5.0 (Macintosh; Intel Mac OS X 10_9_5) AppleWebKit/537.36 (KHTML, like Gecko) Chrome/46.0.2490.71 Safari/537.36"
[Fri, 06 Nov 2015 05:31:30 GMT] "[36mGET[39m [36m/rs-plugin/js/jquery.themepunch.tools.min.js[39m" "Mozilla/5.0 (Macintosh; Intel Mac OS X 10_9_5) AppleWebKit/537.36 (KHTML, like Gecko) Chrome/46.0.2490.71 Safari/537.36"
[Fri, 06 Nov 2015 05:31:30 GMT] "[36mGET[39m [36m/rs-plugin/js/jquery.themepunch.revolution.min.js[39m" "Mozilla/5.0 (Macintosh; Intel Mac OS X 10_9_5) AppleWebKit/537.36 (KHTML, like Gecko) Chrome/46.0.2490.71 Safari/537.36"
[Fri, 06 Nov 2015 05:31:30 GMT] "[36mGET[39m [36m/js/functions.js[39m" "Mozilla/5.0 (Macintosh; Intel Mac OS X 10_9_5) AppleWebKit/537.36 (KHTML, like Gecko) Chrome/46.0.2490.71 Safari/537.36"
[Fri, 06 Nov 2015 05:31:30 GMT] "[36mGET[39m [36m/js/script.js[39m" "Mozilla/5.0 (Macintosh; Intel Mac OS X 10_9_5) AppleWebKit/537.36 (KHTML, like Gecko) Chrome/46.0.2490.71 Safari/537.36"
[Fri, 06 Nov 2015 05:31:31 GMT] "[36mGET[39m [36m/images/portfolio/trailzz.jpg[39m" "Mozilla/5.0 (Macintosh; Intel Mac OS X 10_9_5) AppleWebKit/537.36 (KHTML, like Gecko) Chrome/46.0.2490.71 Safari/537.36"
[Fri, 06 Nov 2015 05:31:31 GMT] "[36mGET[39m [36m/images/portfolio/fcmun.jpg[39m" "Mozilla/5.0 (Macintosh; Intel Mac OS X 10_9_5) AppleWebKit/537.36 (KHTML, like Gecko) Chrome/46.0.2490.71 Safari/537.36"
[Fri, 06 Nov 2015 05:31:32 GMT] "[36mGET[39m [36m/images/portfolio/cookups.jpg[39m" "Mozilla/5.0 (Macintosh; Intel Mac OS X 10_9_5) AppleWebKit/537.36 (KHTML, like Gecko) Chrome/46.0.2490.71 Safari/537.36"
[Fri, 06 Nov 2015 05:31:33 GMT] "[36mGET[39m [36m/img/preloader.gif[39m" "Mozilla/5.0 (Macintosh; Intel Mac OS X 10_9_5) AppleWebKit/537.36 (KHTML, like Gecko) Chrome/46.0.2490.71 Safari/537.36"
[Fri, 06 Nov 2015 05:31:36 GMT] "[36mGET[39m [36m/fcmun3.jpg[39m" "Mozilla/5.0 (Macintosh; Intel Mac OS X 10_9_5) AppleWebKit/537.36 (KHTML, like Gecko) Chrome/46.0.2490.71 Safari/537.36"
[Fri, 06 Nov 2015 05:31:37 GMT] "[36mGET[39m [36m/fcmun2.jpg[39m" "Mozilla/5.0 (Macintosh; Intel Mac OS X 10_9_5) AppleWebKit/537.36 (KHTML, like Gecko) Chrome/46.0.2490.71 Safari/537.36"
[Fri, 06 Nov 2015 05:31:38 GMT] "[36mGET[39m [36m/fcmun1.jpg[39m" "Mozilla/5.0 (Macintosh; Intel Mac OS X 10_9_5) AppleWebKit/537.36 (KHTML, like Gecko) Chrome/46.0.2490.71 Safari/537.36"
[Fri, 06 Nov 2015 05:31:39 GMT] "[36mGET[39m [36m/fonts/fontawesome-webfont.woff2?v=4.4.0[39m" "Mozilla/5.0 (Macintosh; Intel Mac OS X 10_9_5) AppleWebKit/537.36 (KHTML, like Gecko) Chrome/46.0.2490.71 Safari/537.36"
[Fri, 06 Nov 2015 05:31:39 GMT] "[36mGET[39m [36m/images/portfolio/thumb/ML.png[39m" "Mozilla/5.0 (Macintosh; Intel Mac OS X 10_9_5) AppleWebKit/537.36 (KHTML, like Gecko) Chrome/46.0.2490.71 Safari/537.36"
[Fri, 06 Nov 2015 05:31:39 GMT] "[36mGET[39m [36m/fonts/fontawesome-webfont.woff2[39m" "Mozilla/5.0 (Windows NT 6.1; WOW64; rv:33.0) Gecko/20100101 Firefox/33.0"
[Fri, 06 Nov 2015 05:31:39 GMT] "[36mGET[39m [36m/rs-plugin/font/revicons.woff?5510888[39m" "Mozilla/5.0 (Macintosh; Intel Mac OS X 10_9_5) AppleWebKit/537.36 (KHTML, like Gecko) Chrome/46.0.2490.71 Safari/537.36"
[Fri, 06 Nov 2015 05:31:39 GMT] "[36mGET[39m [36m/images/portfolio/full/micropresence.jpg[39m" "Mozilla/5.0 (Macintosh; Intel Mac OS X 10_9_5) AppleWebKit/537.36 (KHTML, like Gecko) Chrome/46.0.2490.71 Safari/537.36"
[Fri, 06 Nov 2015 05:31:40 GMT] "[36mGET[39m [36m/images/portfolio/thumb/GoogleGlass.jpg[39m" "Mozilla/5.0 (Macintosh; Intel Mac OS X 10_9_5) AppleWebKit/537.36 (KHTML, like Gecko) Chrome/46.0.2490.71 Safari/537.36"
[Fri, 06 Nov 2015 05:31:40 GMT] "[36mGET[39m [36m/images/portfolio/full/tagalong.jpg[39m" "Mozilla/5.0 (Macintosh; Intel Mac OS X 10_9_5) AppleWebKit/537.36 (KHTML, like Gecko) Chrome/46.0.2490.71 Safari/537.36"
[Fri, 06 Nov 2015 05:31:41 GMT] "[36mGET[39m [36m/images/portfolio/thumb/Robotics.jpg[39m" "Mozilla/5.0 (Macintosh; Intel Mac OS X 10_9_5) AppleWebKit/537.36 (KHTML, like Gecko) Chrome/46.0.2490.71 Safari/537.36"
[Fri, 06 Nov 2015 05:31:42 GMT] "[36mGET[39m [36m/images/portfolio/thumb/csail.png[39m" "Mozilla/5.0 (Macintosh; Intel Mac OS X 10_9_5) AppleWebKit/537.36 (KHTML, like Gecko) Chrome/46.0.2490.71 Safari/537.36"
[Fri, 06 Nov 2015 05:31:42 GMT] "[36mGET[39m [36m/img/Mina.png[39m" "Mozilla/5.0 (Macintosh; Intel Mac OS X 10_9_5) AppleWebKit/537.36 (KHTML, like Gecko) Chrome/46.0.2490.71 Safari/537.36"
[Fri, 06 Nov 2015 05:31:42 GMT] "[36mGET[39m [36m/images/portfolio/thumb/Magnetism.jpg[39m" "Mozilla/5.0 (Macintosh; Intel Mac OS X 10_9_5) AppleWebKit/537.36 (KHTML, like Gecko) Chrome/46.0.2490.71 Safari/537.36"
[Fri, 06 Nov 2015 05:31:42 GMT] "[36mGET[39m [36m/images/portfolio/thumb/Rigidity.jpg[39m" "Mozilla/5.0 (Macintosh; Intel Mac OS X 10_9_5) AppleWebKit/537.36 (KHTML, like Gecko) Chrome/46.0.2490.71 Safari/537.36"
[Fri, 06 Nov 2015 05:31:42 GMT] "[36mGET[39m [36m/images/portfolio/thumb/MtHolyokeFullLogo.png[39m" "Mozilla/5.0 (Macintosh; Intel Mac OS X 10_9_5) AppleWebKit/537.36 (KHTML, like Gecko) Chrome/46.0.2490.71 Safari/537.36"
[Fri, 06 Nov 2015 05:31:42 GMT] "[36mGET[39m [36m/images/portfolio/thumb/ncar.png[39m" "Mozilla/5.0 (Macintosh; Intel Mac OS X 10_9_5) AppleWebKit/537.36 (KHTML, like Gecko) Chrome/46.0.2490.71 Safari/537.36"
[Fri, 06 Nov 2015 05:31:43 GMT] "[36mGET[39m [36m/images/portfolio/thumb/Aurora.jpg[39m" "Mozilla/5.0 (Macintosh; Intel Mac OS X 10_9_5) AppleWebKit/537.36 (KHTML, like Gecko) Chrome/46.0.2490.71 Safari/537.36"
[Fri, 06 Nov 2015 05:31:43 GMT] "[36mGET[39m [36m/images/portfolio/thumb/Swarm.jpg[39m" "Mozilla/5.0 (Macintosh; Intel Mac OS X 10_9_5) AppleWebKit/537.36 (KHTML, like Gecko) Chrome/46.0.2490.71 Safari/537.36"
[Fri, 06 Nov 2015 05:31:43 GMT] "[36mGET[39m [36m/images/slide3_center.jpg[39m" "Mozilla/5.0 (Macintosh; Intel Mac OS X 10_9_5) AppleWebKit/537.36 (KHTML, like Gecko) Chrome/46.0.2490.71 Safari/537.36"
[Fri, 06 Nov 2015 05:31:43 GMT] "[36mGET[39m [36m/images/portfolio/full/MMM.jpg[39m" "Mozilla/5.0 (Macintosh; Intel Mac OS X 10_9_5) AppleWebKit/537.36 (KHTML, like Gecko) Chrome/46.0.2490.71 Safari/537.36"
[Fri, 06 Nov 2015 05:31:43 GMT] "[36mGET[39m [36m/images/slide1_center.jpg[39m" "Mozilla/5.0 (Macintosh; Intel Mac OS X 10_9_5) AppleWebKit/537.36 (KHTML, like Gecko) Chrome/46.0.2490.71 Safari/537.36"
[Fri, 06 Nov 2015 05:31:43 GMT] "[36mGET[39m [36m/images/slide2_center.jpg[39m" "Mozilla/5.0 (Macintosh; Intel Mac OS X 10_9_5) AppleWebKit/537.36 (KHTML, like Gecko) Chrome/46.0.2490.71 Safari/537.36"
[Fri, 06 Nov 2015 05:31:44 GMT] "[36mGET[39m [36m/rs-plugin/assets/loader.gif[39m" "Mozilla/5.0 (Macintosh; Intel Mac OS X 10_9_5) AppleWebKit/537.36 (KHTML, like Gecko) Chrome/46.0.2490.71 Safari/537.36"
[Fri, 06 Nov 2015 05:31:45 GMT] "[36mGET[39m [36m/images/preloader.gif[39m" "Mozilla/5.0 (Macintosh; Intel Mac OS X 10_9_5) AppleWebKit/537.36 (KHTML, like Gecko) Chrome/46.0.2490.71 Safari/537.36"
[Fri, 06 Nov 2015 05:31:46 GMT] "[36mGET[39m [36m/rs-plugin/assets/timer.png[39m" "Mozilla/5.0 (Macintosh; Intel Mac OS X 10_9_5) AppleWebKit/537.36 (KHTML, like Gecko) Chrome/46.0.2490.71 Safari/537.36"
[Fri, 06 Nov 2015 05:31:46 GMT] "[36mGET[39m [36m/img/favicon-16x16.png[39m" "Mozilla/5.0 (Macintosh; Intel Mac OS X 10_9_5) AppleWebKit/537.36 (KHTML, like Gecko) Chrome/46.0.2490.71 Safari/537.36"
[Fri, 06 Nov 2015 05:31:47 GMT] "[36mGET[39m [36m/img/favicon-96x96.png[39m" "Mozilla/5.0 (Macintosh; Intel Mac OS X 10_9_5) AppleWebKit/537.36 (KHTML, like Gecko) Chrome/46.0.2490.71 Safari/537.36"
[Fri, 06 Nov 2015 05:31:48 GMT] "[36mGET[39m [36m/img/favicon-32x32.png[39m" "Mozilla/5.0 (Macintosh; Intel Mac OS X 10_9_5) AppleWebKit/537.36 (KHTML, like Gecko) Chrome/46.0.2490.71 Safari/537.36"
[Fri, 06 Nov 2015 05:31:49 GMT] "[36mGET[39m [36m/img/android-icon-192x192.png[39m" "Mozilla/5.0 (Macintosh; Intel Mac OS X 10_9_5) AppleWebKit/537.36 (KHTML, like Gecko) Chrome/46.0.2490.71 Safari/537.36"
[Fri, 06 Nov 2015 05:34:43 GMT] "[36mGET[39m [36m/js/plugins.js[39m" "Mozilla/5.0 (Macintosh; Intel Mac OS X 10_9_5) AppleWebKit/537.36 (KHTML, like Gecko) Chrome/46.0.2490.71 Safari/537.36"
[Fri, 06 Nov 2015 05:34:44 GMT] "[36mGET[39m [36m/js/jquery.js[39m" "Mozilla/5.0 (Macintosh; Intel Mac OS X 10_9_5) AppleWebKit/537.36 (KHTML, like Gecko) Chrome/46.0.2490.71 Safari/537.36"
[Fri, 06 Nov 2015 05:34:44 GMT] "[36mGET[39m [36m/js/jquery.min.js[39m" "Mozilla/5.0 (Macintosh; Intel Mac OS X 10_9_5) AppleWebKit/537.36 (KHTML, like Gecko) Chrome/46.0.2490.71 Safari/537.36"
[Fri, 06 Nov 2015 05:34:44 GMT] "[36mGET[39m [36m/rs-plugin/js/jquery.themepunch.tools.min.js[39m" "Mozilla/5.0 (Macintosh; Intel Mac OS X 10_9_5) AppleWebKit/537.36 (KHTML, like Gecko) Chrome/46.0.2490.71 Safari/537.36"
[Fri, 06 Nov 2015 05:34:44 GMT] "[36mGET[39m [36m/js/jquery.isotope.min.js[39m" "Mozilla/5.0 (Macintosh; Intel Mac OS X 10_9_5) AppleWebKit/537.36 (KHTML, like Gecko) Chrome/46.0.2490.71 Safari/537.36"
[Fri, 06 Nov 2015 05:34:44 GMT] "[36mGET[39m [36m/js/bootstrap.min.js[39m" "Mozilla/5.0 (Macintosh; Intel Mac OS X 10_9_5) AppleWebKit/537.36 (KHTML, like Gecko) Chrome/46.0.2490.71 Safari/537.36"
[Fri, 06 Nov 2015 05:34:45 GMT] "[36mGET[39m [36m/rs-plugin/js/jquery.themepunch.revolution.min.js[39m" "Mozilla/5.0 (Macintosh; Intel Mac OS X 10_9_5) AppleWebKit/537.36 (KHTML, like Gecko) Chrome/46.0.2490.71 Safari/537.36"
[Fri, 06 Nov 2015 05:34:47 GMT] "[36mGET[39m [36m/js/script.js[39m" "Mozilla/5.0 (Macintosh; Intel Mac OS X 10_9_5) AppleWebKit/537.36 (KHTML, like Gecko) Chrome/46.0.2490.71 Safari/537.36"
[Fri, 06 Nov 2015 05:34:48 GMT] "[36mGET[39m [36m/js/functions.js[39m" "Mozilla/5.0 (Macintosh; Intel Mac OS X 10_9_5) AppleWebKit/537.36 (KHTML, like Gecko) Chrome/46.0.2490.71 Safari/537.36"
[Fri, 06 Nov 2015 05:35:47 GMT] "[36mGET[39m [36m/[39m" "Mozilla/5.0 (Macintosh; Intel Mac OS X 10_9_5) AppleWebKit/537.36 (KHTML, like Gecko) Chrome/46.0.2490.71 Safari/537.36"
[Fri, 06 Nov 2015 05:35:47 GMT] "[36mGET[39m [36m/style.css[39m" "Mozilla/5.0 (Macintosh; Intel Mac OS X 10_9_5) AppleWebKit/537.36 (KHTML, like Gecko) Chrome/46.0.2490.71 Safari/537.36"
[Fri, 06 Nov 2015 05:35:47 GMT] "[36mGET[39m [36m/css/responsive.css[39m" "Mozilla/5.0 (Macintosh; Intel Mac OS X 10_9_5) AppleWebKit/537.36 (KHTML, like Gecko) Chrome/46.0.2490.71 Safari/537.36"
[Fri, 06 Nov 2015 05:35:47 GMT] "[36mGET[39m [36m/css/bootstrap.min.css[39m" "Mozilla/5.0 (Macintosh; Intel Mac OS X 10_9_5) AppleWebKit/537.36 (KHTML, like Gecko) Chrome/46.0.2490.71 Safari/537.36"
[Fri, 06 Nov 2015 05:35:47 GMT] "[36mGET[39m [36m/css/font-awesome.min.css[39m" "Mozilla/5.0 (Macintosh; Intel Mac OS X 10_9_5) AppleWebKit/537.36 (KHTML, like Gecko) Chrome/46.0.2490.71 Safari/537.36"
[Fri, 06 Nov 2015 05:35:47 GMT] "[36mGET[39m [36m/css/style.css[39m" "Mozilla/5.0 (Macintosh; Intel Mac OS X 10_9_5) AppleWebKit/537.36 (KHTML, like Gecko) Chrome/46.0.2490.71 Safari/537.36"
[Fri, 06 Nov 2015 05:35:48 GMT] "[36mGET[39m [36m/rs-plugin/css/settings.css[39m" "Mozilla/5.0 (Macintosh; Intel Mac OS X 10_9_5) AppleWebKit/537.36 (KHTML, like Gecko) Chrome/46.0.2490.71 Safari/537.36"
[Fri, 06 Nov 2015 05:35:48 GMT] "[36mGET[39m [36m/css/cubeportfolio.css[39m" "Mozilla/5.0 (Macintosh; Intel Mac OS X 10_9_5) AppleWebKit/537.36 (KHTML, like Gecko) Chrome/46.0.2490.71 Safari/537.36"
[Fri, 06 Nov 2015 05:35:50 GMT] "[36mGET[39m [36m/css/retina.css[39m" "Mozilla/5.0 (Macintosh; Intel Mac OS X 10_9_5) AppleWebKit/537.36 (KHTML, like Gecko) Chrome/46.0.2490.71 Safari/537.36"
[Fri, 06 Nov 2015 05:35:50 GMT] "[36mGET[39m [36m/img/Mina.png[39m" "Mozilla/5.0 (Macintosh; Intel Mac OS X 10_9_5) AppleWebKit/537.36 (KHTML, like Gecko) Chrome/46.0.2490.71 Safari/537.36"
[Fri, 06 Nov 2015 05:35:50 GMT] "[36mGET[39m [36m/fonts/fontawesome-webfont.woff2?v=4.4.0[39m" "Mozilla/5.0 (Macintosh; Intel Mac OS X 10_9_5) AppleWebKit/537.36 (KHTML, like Gecko) Chrome/46.0.2490.71 Safari/537.36"
[Fri, 06 Nov 2015 05:35:51 GMT] "[36mGET[39m [36m/img/preloader.gif[39m" "Mozilla/5.0 (Macintosh; Intel Mac OS X 10_9_5) AppleWebKit/537.36 (KHTML, like Gecko) Chrome/46.0.2490.71 Safari/537.36"
[Fri, 06 Nov 2015 05:35:51 GMT] "[36mGET[39m [36m/rs-plugin/assets/timer.png[39m" "Mozilla/5.0 (Macintosh; Intel Mac OS X 10_9_5) AppleWebKit/537.36 (KHTML, like Gecko) Chrome/46.0.2490.71 Safari/537.36"
[Fri, 06 Nov 2015 05:35:51 GMT] "[36mGET[39m [36m/images/slide1_center.jpg[39m" "Mozilla/5.0 (Macintosh; Intel Mac OS X 10_9_5) AppleWebKit/537.36 (KHTML, like Gecko) Chrome/46.0.2490.71 Safari/537.36"
[Fri, 06 Nov 2015 05:35:51 GMT] "[36mGET[39m [36m/images/slide3_center.jpg[39m" "Mozilla/5.0 (Macintosh; Intel Mac OS X 10_9_5) AppleWebKit/537.36 (KHTML, like Gecko) Chrome/46.0.2490.71 Safari/537.36"
[Fri, 06 Nov 2015 05:35:51 GMT] "[36mGET[39m [36m/images/portfolio/full/MMM.jpg[39m" "Mozilla/5.0 (Macintosh; Intel Mac OS X 10_9_5) AppleWebKit/537.36 (KHTML, like Gecko) Chrome/46.0.2490.71 Safari/537.36"
[Fri, 06 Nov 2015 05:35:51 GMT] "[36mGET[39m [36m/images/slide2_center.jpg[39m" "Mozilla/5.0 (Macintosh; Intel Mac OS X 10_9_5) AppleWebKit/537.36 (KHTML, like Gecko) Chrome/46.0.2490.71 Safari/537.36"
[Fri, 06 Nov 2015 05:35:51 GMT] "[36mGET[39m [36m/rs-plugin/font/revicons.woff?5510888[39m" "Mozilla/5.0 (Macintosh; Intel Mac OS X 10_9_5) AppleWebKit/537.36 (KHTML, like Gecko) Chrome/46.0.2490.71 Safari/537.36"
[Fri, 06 Nov 2015 05:35:52 GMT] "[36mGET[39m [36m/images/portfolio/thumb/csail.png[39m" "Mozilla/5.0 (Macintosh; Intel Mac OS X 10_9_5) AppleWebKit/537.36 (KHTML, like Gecko) Chrome/46.0.2490.71 Safari/537.36"
[Fri, 06 Nov 2015 05:35:52 GMT] "[36mGET[39m [36m/images/portfolio/thumb/Robotics.jpg[39m" "Mozilla/5.0 (Macintosh; Intel Mac OS X 10_9_5) AppleWebKit/537.36 (KHTML, like Gecko) Chrome/46.0.2490.71 Safari/537.36"
[Fri, 06 Nov 2015 05:35:52 GMT] "[36mGET[39m [36m/images/portfolio/thumb/MtHolyokeFullLogo.png[39m" "Mozilla/5.0 (Macintosh; Intel Mac OS X 10_9_5) AppleWebKit/537.36 (KHTML, like Gecko) Chrome/46.0.2490.71 Safari/537.36"
[Fri, 06 Nov 2015 05:35:52 GMT] "[36mGET[39m [36m/rs-plugin/assets/loader.gif[39m" "Mozilla/5.0 (Macintosh; Intel Mac OS X 10_9_5) AppleWebKit/537.36 (KHTML, like Gecko) Chrome/46.0.2490.71 Safari/537.36"
[Fri, 06 Nov 2015 05:35:52 GMT] "[36mGET[39m [36m/images/portfolio/thumb/Swarm.jpg[39m" "Mozilla/5.0 (Macintosh; Intel Mac OS X 10_9_5) AppleWebKit/537.36 (KHTML, like Gecko) Chrome/46.0.2490.71 Safari/537.36"
[Fri, 06 Nov 2015 05:35:52 GMT] "[36mGET[39m [36m/images/portfolio/thumb/Magnetism.jpg[39m" "Mozilla/5.0 (Macintosh; Intel Mac OS X 10_9_5) AppleWebKit/537.36 (KHTML, like Gecko) Chrome/46.0.2490.71 Safari/537.36"
[Fri, 06 Nov 2015 05:35:53 GMT] "[36mGET[39m [36m/images/portfolio/thumb/Rigidity.jpg[39m" "Mozilla/5.0 (Macintosh; Intel Mac OS X 10_9_5) AppleWebKit/537.36 (KHTML, like Gecko) Chrome/46.0.2490.71 Safari/537.36"
[Fri, 06 Nov 2015 05:35:53 GMT] "[36mGET[39m [36m/images/portfolio/thumb/ncar.png[39m" "Mozilla/5.0 (Macintosh; Intel Mac OS X 10_9_5) AppleWebKit/537.36 (KHTML, like Gecko) Chrome/46.0.2490.71 Safari/537.36"
[Fri, 06 Nov 2015 05:35:53 GMT] "[36mGET[39m [36m/images/portfolio/full/tagalong.jpg[39m" "Mozilla/5.0 (Macintosh; Intel Mac OS X 10_9_5) AppleWebKit/537.36 (KHTML, like Gecko) Chrome/46.0.2490.71 Safari/537.36"
[Fri, 06 Nov 2015 05:35:53 GMT] "[36mGET[39m [36m/images/portfolio/trailzz.jpg[39m" "Mozilla/5.0 (Macintosh; Intel Mac OS X 10_9_5) AppleWebKit/537.36 (KHTML, like Gecko) Chrome/46.0.2490.71 Safari/537.36"
[Fri, 06 Nov 2015 05:35:53 GMT] "[36mGET[39m [36m/images/portfolio/cookups.jpg[39m" "Mozilla/5.0 (Macintosh; Intel Mac OS X 10_9_5) AppleWebKit/537.36 (KHTML, like Gecko) Chrome/46.0.2490.71 Safari/537.36"
[Fri, 06 Nov 2015 05:35:53 GMT] "[36mGET[39m [36m/images/portfolio/fcmun.jpg[39m" "Mozilla/5.0 (Macintosh; Intel Mac OS X 10_9_5) AppleWebKit/537.36 (KHTML, like Gecko) Chrome/46.0.2490.71 Safari/537.36"
[Fri, 06 Nov 2015 05:35:53 GMT] "[36mGET[39m [36m/fcmun1.jpg[39m" "Mozilla/5.0 (Macintosh; Intel Mac OS X 10_9_5) AppleWebKit/537.36 (KHTML, like Gecko) Chrome/46.0.2490.71 Safari/537.36"
[Fri, 06 Nov 2015 05:35:54 GMT] "[36mGET[39m [36m/images/portfolio/thumb/Aurora.jpg[39m" "Mozilla/5.0 (Macintosh; Intel Mac OS X 10_9_5) AppleWebKit/537.36 (KHTML, like Gecko) Chrome/46.0.2490.71 Safari/537.36"
[Fri, 06 Nov 2015 05:35:54 GMT] "[36mGET[39m [36m/images/portfolio/thumb/GoogleGlass.jpg[39m" "Mozilla/5.0 (Macintosh; Intel Mac OS X 10_9_5) AppleWebKit/537.36 (KHTML, like Gecko) Chrome/46.0.2490.71 Safari/537.36"
[Fri, 06 Nov 2015 05:35:54 GMT] "[36mGET[39m [36m/images/portfolio/full/micropresence.jpg[39m" "Mozilla/5.0 (Macintosh; Intel Mac OS X 10_9_5) AppleWebKit/537.36 (KHTML, like Gecko) Chrome/46.0.2490.71 Safari/537.36"
[Fri, 06 Nov 2015 05:35:54 GMT] "[36mGET[39m [36m/images/preloader.gif[39m" "Mozilla/5.0 (Macintosh; Intel Mac OS X 10_9_5) AppleWebKit/537.36 (KHTML, like Gecko) Chrome/46.0.2490.71 Safari/537.36"
[Fri, 06 Nov 2015 05:35:55 GMT] "[36mGET[39m [36m/fcmun3.jpg[39m" "Mozilla/5.0 (Macintosh; Intel Mac OS X 10_9_5) AppleWebKit/537.36 (KHTML, like Gecko) Chrome/46.0.2490.71 Safari/537.36"
[Fri, 06 Nov 2015 05:35:55 GMT] "[36mGET[39m [36m/fcmun2.jpg[39m" "Mozilla/5.0 (Macintosh; Intel Mac OS X 10_9_5) AppleWebKit/537.36 (KHTML, like Gecko) Chrome/46.0.2490.71 Safari/537.36"
[Fri, 06 Nov 2015 05:35:55 GMT] "[36mGET[39m [36m/img/favicon-16x16.png[39m" "Mozilla/5.0 (Macintosh; Intel Mac OS X 10_9_5) AppleWebKit/537.36 (KHTML, like Gecko) Chrome/46.0.2490.71 Safari/537.36"
[Fri, 06 Nov 2015 05:35:56 GMT] "[36mGET[39m [36m/img/favicon-96x96.png[39m" "Mozilla/5.0 (Macintosh; Intel Mac OS X 10_9_5) AppleWebKit/537.36 (KHTML, like Gecko) Chrome/46.0.2490.71 Safari/537.36"
[Fri, 06 Nov 2015 05:36:58 GMT] "[36mGET[39m [36m/[39m" "Mozilla/5.0 (Macintosh; Intel Mac OS X 10_9_5) AppleWebKit/537.36 (KHTML, like Gecko) Chrome/46.0.2490.71 Safari/537.36"
[Fri, 06 Nov 2015 05:36:58 GMT] "[36mGET[39m [36m/style.css[39m" "Mozilla/5.0 (Macintosh; Intel Mac OS X 10_9_5) AppleWebKit/537.36 (KHTML, like Gecko) Chrome/46.0.2490.71 Safari/537.36"
[Fri, 06 Nov 2015 05:36:58 GMT] "[36mGET[39m [36m/css/bootstrap.min.css[39m" "Mozilla/5.0 (Macintosh; Intel Mac OS X 10_9_5) AppleWebKit/537.36 (KHTML, like Gecko) Chrome/46.0.2490.71 Safari/537.36"
[Fri, 06 Nov 2015 05:36:58 GMT] "[36mGET[39m [36m/rs-plugin/css/settings.css[39m" "Mozilla/5.0 (Macintosh; Intel Mac OS X 10_9_5) AppleWebKit/537.36 (KHTML, like Gecko) Chrome/46.0.2490.71 Safari/537.36"
[Fri, 06 Nov 2015 05:36:58 GMT] "[36mGET[39m [36m/css/cubeportfolio.css[39m" "Mozilla/5.0 (Macintosh; Intel Mac OS X 10_9_5) AppleWebKit/537.36 (KHTML, like Gecko) Chrome/46.0.2490.71 Safari/537.36"
[Fri, 06 Nov 2015 05:36:59 GMT] "[36mGET[39m [36m/js/jquery.min.js[39m" "Mozilla/5.0 (Macintosh; Intel Mac OS X 10_9_5) AppleWebKit/537.36 (KHTML, like Gecko) Chrome/46.0.2490.71 Safari/537.36"
[Fri, 06 Nov 2015 05:36:59 GMT] "[36mGET[39m [36m/js/plugins.js[39m" "Mozilla/5.0 (Macintosh; Intel Mac OS X 10_9_5) AppleWebKit/537.36 (KHTML, like Gecko) Chrome/46.0.2490.71 Safari/537.36"
[Fri, 06 Nov 2015 05:37:02 GMT] "[36mGET[39m [36m/fonts/fontawesome-webfont.woff2?v=4.4.0[39m" "Mozilla/5.0 (Macintosh; Intel Mac OS X 10_9_5) AppleWebKit/537.36 (KHTML, like Gecko) Chrome/46.0.2490.71 Safari/537.36"
[Fri, 06 Nov 2015 05:37:04 GMT] "[36mGET[39m [36m/img/favicon-16x16.png[39m" "Mozilla/5.0 (Macintosh; Intel Mac OS X 10_9_5) AppleWebKit/537.36 (KHTML, like Gecko) Chrome/46.0.2490.71 Safari/537.36"
[Fri, 06 Nov 2015 05:37:05 GMT] "[36mGET[39m [36m/img/favicon-96x96.png[39m" "Mozilla/5.0 (Macintosh; Intel Mac OS X 10_9_5) AppleWebKit/537.36 (KHTML, like Gecko) Chrome/46.0.2490.71 Safari/537.36"
[31mhttp-server stopped.[39m
[33mStarting up http-server, serving [39m[36m.[39m[33m
Available on:[39m
[32m  http:127.0.0.1:8080[39m
[32m  http:45.55.156.140:8080[39m
Hit CTRL-C to stop the server
